nohup: ignoring input
📖 Built content/CH1.md in 146 ms.
📖 Built content/CH0.ipynb in 135 ms.
📚 Built 2 pages for project in 259 ms.


	✨✨✨  Starting Book Theme  ✨✨✨



🔌 Server started on port 3000!  🥳 🎉


	👉  http://localhost:3000  👈


💥 Triggered full site rebuild
📖 Built content/CH1.md in 97 ms.
📖 Built content/CH0.ipynb in 101 ms.
📚 Built 2 pages for project in 133 ms.
💥 Triggered full site rebuild
📖 Built content/CH1.md in 78 ms.
📖 Built content/CH0.ipynb in 82 ms.
📚 Built 2 pages for project in 109 ms.
💥 Triggered full site rebuild
📖 Built content/CH1.md in 91 ms.
📖 Built content/CH0.ipynb in 95 ms.
📚 Built 2 pages for project in 126 ms.
💥 Triggered full site rebuild
📖 Built content/CH1.md in 78 ms.
📖 Built content/CH0.ipynb in 82 ms.
📚 Built 2 pages for project in 113 ms.
💥 Triggered full site rebuild
📖 Built content/CH1.md in 77 ms.
📖 Built content/CH0.ipynb in 80 ms.
📚 Built 2 pages for project in 111 ms.
💥 Triggered full site rebuild
📖 Built content/CH1.md in 91 ms.
📖 Built content/CH0.ipynb in 95 ms.
📚 Built 2 pages for project in 132 ms.
💥 Triggered full site rebuild
📖 Built content/CH1.md in 88 ms.
📖 Built content/CH0.ipynb in 92 ms.
📚 Built 2 pages for project in 120 ms.
💥 Triggered full site rebuild
📖 Built content/CH1.md in 89 ms.
📖 Built content/CH0.ipynb in 92 ms.
📚 Built 2 pages for project in 123 ms.
💥 Triggered full site rebuild
📖 Built content/CH1.md in 87 ms.
📖 Built content/CH0.ipynb in 90 ms.
📚 Built 2 pages for project in 119 ms.
💥 Triggered full site rebuild
📖 Built content/CH1.md in 88 ms.
📖 Built content/CH0.ipynb in 92 ms.
📚 Built 2 pages for project in 122 ms.
💥 Triggered full site rebuild
📖 Built content/CH1.md in 76 ms.
📖 Built content/CH0.ipynb in 80 ms.
📚 Built 2 pages for project in 105 ms.
💥 Triggered full site rebuild
📖 Built content/CH1.md in 86 ms.
📖 Built content/CH0.ipynb in 89 ms.
📚 Built 2 pages for project in 118 ms.
💥 Triggered full site rebuild
📖 Built content/CH1.md in 87 ms.
📖 Built content/CH0.ipynb in 91 ms.
📚 Built 2 pages for project in 119 ms.
💥 Triggered full site rebuild
📖 Built content/CH1.md in 77 ms.
📖 Built content/CH0.ipynb in 80 ms.
📚 Built 2 pages for project in 109 ms.
💥 Triggered full site rebuild
📖 Built content/CH1.md in 79 ms.
📖 Built content/CH0.ipynb in 83 ms.
📚 Built 2 pages for project in 109 ms.
💥 Triggered full site rebuild
📖 Built content/CH1.md in 81 ms.
📖 Built content/CH0.ipynb in 84 ms.
📚 Built 2 pages for project in 112 ms.
💥 Triggered full site rebuild
📖 Built content/CH1.md in 77 ms.
📖 Built content/CH0.ipynb in 80 ms.
📚 Built 2 pages for project in 110 ms.
💥 Triggered full site rebuild
📖 Built content/CH1.md in 86 ms.
📖 Built content/CH0.ipynb in 90 ms.
📚 Built 2 pages for project in 121 ms.
💥 Triggered full site rebuild
📖 Built content/CH1.md in 77 ms.
📖 Built content/CH0.ipynb in 80 ms.
📚 Built 2 pages for project in 110 ms.
💥 Triggered full site rebuild
📖 Built content/CH1.md in 77 ms.
📖 Built content/CH0.ipynb in 80 ms.
📚 Built 2 pages for project in 110 ms.
💥 Triggered full site rebuild
📖 Built content/CH1.md in 87 ms.
📖 Built content/CH0.ipynb in 90 ms.
📚 Built 2 pages for project in 119 ms.
💥 Triggered full site rebuild
📖 Built content/CH1.md in 84 ms.
📖 Built content/CH0.ipynb in 89 ms.
📚 Built 2 pages for project in 118 ms.
💥 Triggered full site rebuild
📖 Built content/CH1.md in 75 ms.
📖 Built content/CH0.ipynb in 79 ms.
📚 Built 2 pages for project in 104 ms.
💥 Triggered full site rebuild
📖 Built content/CH1.md in 82 ms.
📖 Built content/CH0.ipynb in 85 ms.
📚 Built 2 pages for project in 114 ms.
💥 Triggered full site rebuild
📖 Built content/CH1.md in 76 ms.
📖 Built content/CH0.ipynb in 80 ms.
📚 Built 2 pages for project in 107 ms.
💥 Triggered full site rebuild
📖 Built content/CH1.md in 76 ms.
📖 Built content/CH0.ipynb in 80 ms.
📚 Built 2 pages for project in 108 ms.
💥 Triggered full site rebuild
📖 Built content/CH1.md in 102 ms.
📖 Built content/CH0.ipynb in 105 ms.
📚 Built 2 pages for project in 134 ms.
💥 Triggered full site rebuild
📖 Built content/CH1.md in 85 ms.
📖 Built content/CH0.ipynb in 88 ms.
📚 Built 2 pages for project in 117 ms.
💥 Triggered full site rebuild
📖 Built content/CH1.md in 85 ms.
📖 Built content/CH0.ipynb in 89 ms.
📚 Built 2 pages for project in 117 ms.
💥 Triggered full site rebuild
📖 Built content/CH1.md in 85 ms.
📖 Built content/CH0.ipynb in 89 ms.
📚 Built 2 pages for project in 117 ms.
💥 Triggered full site rebuild
📖 Built content/CH1.md in 75 ms.
📖 Built content/CH0.ipynb in 78 ms.
📚 Built 2 pages for project in 106 ms.
💥 Triggered full site rebuild
📖 Built content/CH1.md in 88 ms.
📖 Built content/CH0.ipynb in 91 ms.
📚 Built 2 pages for project in 123 ms.
💥 Triggered full site rebuild
📖 Built content/CH1.md in 82 ms.
📖 Built content/CH0.ipynb in 85 ms.
📚 Built 2 pages for project in 112 ms.
💥 Triggered full site rebuild
📖 Built content/CH1.md in 75 ms.
📖 Built content/CH0.ipynb in 78 ms.
📚 Built 2 pages for project in 106 ms.
💥 Triggered full site rebuild
📖 Built content/CH1.md in 76 ms.
📖 Built content/CH0.ipynb in 80 ms.
📚 Built 2 pages for project in 108 ms.
💥 Triggered full site rebuild
📖 Built content/CH1.md in 73 ms.
📖 Built content/CH0.ipynb in 76 ms.
📚 Built 2 pages for project in 108 ms.
💥 Triggered full site rebuild
📖 Built content/CH1.md in 95 ms.
📖 Built content/CH0.ipynb in 99 ms.
📚 Built 2 pages for project in 130 ms.
💥 Triggered full site rebuild
📖 Built content/CH1.md in 77 ms.
📖 Built content/CH0.ipynb in 81 ms.
📚 Built 2 pages for project in 107 ms.
💥 Triggered full site rebuild
📖 Built content/CH1.md in 86 ms.
📖 Built content/CH0.ipynb in 90 ms.
📚 Built 2 pages for project in 116 ms.
💥 Triggered full site rebuild
📖 Built content/CH1.md in 91 ms.
📖 Built content/CH0.ipynb in 94 ms.
📚 Built 2 pages for project in 122 ms.
💌 GET  / 200 - - 199.486 ms
💌 GET  /myst-theme.css 200 - - 4.778 ms
💥 Triggered full site rebuild
📖 Built content/CH1.md in 86 ms.
📖 Built content/CH0.ipynb in 90 ms.
📚 Built 2 pages for project in 116 ms.
💥 Triggered full site rebuild
📖 Built content/CH1.md in 81 ms.
📖 Built content/CH0.ipynb in 85 ms.
📚 Built 2 pages for project in 114 ms.
💥 Triggered full site rebuild
📖 Built content/CH1.md in 89 ms.
📖 Built content/CH0.ipynb in 92 ms.
📚 Built 2 pages for project in 121 ms.
💌 GET  / 200 - - 27.102 ms
💌 GET  /myst-theme.css 200 - - 4.174 ms
💥 Triggered full site rebuild
📖 Built content/CH1.md in 94 ms.
📖 Built content/CH0.ipynb in 98 ms.
📚 Built 2 pages for project in 130 ms.
💥 Triggered full site rebuild
📖 Built content/CH1.md in 76 ms.
📖 Built content/CH0.ipynb in 80 ms.
📚 Built 2 pages for project in 110 ms.
💌 GET  /favicon.ico 200 - - 152.553 ms
💌 GET  / 200 - - 25.648 ms
💌 GET  /myst-theme.css 200 - - 5.188 ms
💥 Triggered full site rebuild
📖 Built content/CH1.md in 105 ms.
📖 Built content/CH0.ipynb in 110 ms.
📚 Built 2 pages for project in 148 ms.
💌 GET  /favicon.ico 200 - - 52.458 ms
💥 Triggered full site rebuild
📖 Built content/CH1.md in 98 ms.
📖 Built content/CH0.ipynb in 102 ms.
📚 Built 2 pages for project in 130 ms.
💌 GET  / 200 - - 21.106 ms
💌 GET  /myst-theme.css 200 - - 3.564 ms
💥 Triggered full site rebuild
📖 Built content/CH1.md in 77 ms.
📖 Built content/CH0.ipynb in 80 ms.
📚 Built 2 pages for project in 109 ms.
💌 GET  /favicon.ico 200 - - 61.927 ms
💥 Triggered full site rebuild
📖 Built content/CH1.md in 81 ms.
📖 Built content/CH0.ipynb in 85 ms.
📚 Built 2 pages for project in 111 ms.
💌 GET  / 200 - - 23.014 ms
💌 GET  /myst-theme.css 200 - - 4.092 ms
💥 Triggered full site rebuild
📖 Built content/CH1.md in 80 ms.
📖 Built content/CH0.ipynb in 84 ms.
📚 Built 2 pages for project in 111 ms.
💌 GET  /favicon.ico 200 - - 102.237 ms
💥 Triggered full site rebuild
📖 Built content/CH1.md in 73 ms.
📖 Built content/CH0.ipynb in 76 ms.
📚 Built 2 pages for project in 106 ms.
💌 GET  / 200 - - 21.653 ms
💌 GET  /myst-theme.css 200 - - 2.670 ms
💥 Triggered full site rebuild
📖 Built content/CH1.md in 90 ms.
📖 Built content/CH0.ipynb in 95 ms.
📚 Built 2 pages for project in 121 ms.
💌 GET  /favicon.ico 200 - - 110.573 ms
💥 Triggered full site rebuild
📖 Built content/CH1.md in 81 ms.
📖 Built content/CH0.ipynb in 84 ms.
📚 Built 2 pages for project in 113 ms.
💌 GET  / 200 - - 24.155 ms
💌 GET  /myst-theme.css 200 - - 3.799 ms
💥 Triggered full site rebuild
📖 Built content/CH1.md in 85 ms.
📖 Built content/CH0.ipynb in 89 ms.
📚 Built 2 pages for project in 125 ms.
💌 GET  /favicon.ico 200 - - 120.676 ms
💥 Triggered full site rebuild
📖 Built content/CH1.md in 73 ms.
📖 Built content/CH0.ipynb in 77 ms.
📚 Built 2 pages for project in 103 ms.
💌 GET  / 200 - - 23.966 ms
💌 GET  /myst-theme.css 200 - - 4.510 ms
💥 Triggered full site rebuild
📖 Built content/CH1.md in 90 ms.
📖 Built content/CH0.ipynb in 94 ms.
📚 Built 2 pages for project in 122 ms.
💌 GET  /favicon.ico 200 - - 123.193 ms
💥 Triggered full site rebuild
📖 Built content/CH1.md in 84 ms.
📖 Built content/CH0.ipynb in 88 ms.
📚 Built 2 pages for project in 116 ms.
💌 GET  / 200 - - 25.069 ms
💌 GET  /myst-theme.css 200 - - 3.516 ms
💥 Triggered full site rebuild
📖 Built content/CH1.md in 90 ms.
📖 Built content/CH0.ipynb in 94 ms.
📚 Built 2 pages for project in 123 ms.
💌 GET  /favicon.ico 200 - - 104.568 ms
💥 Triggered full site rebuild
📖 Built content/CH1.md in 87 ms.
📖 Built content/CH0.ipynb in 91 ms.
📚 Built 2 pages for project in 121 ms.
💌 GET  / 200 - - 20.771 ms
💌 GET  /myst-theme.css 200 - - 3.835 ms
💥 Triggered full site rebuild
📖 Built content/CH1.md in 95 ms.
📖 Built content/CH0.ipynb in 100 ms.
📚 Built 2 pages for project in 129 ms.
💌 GET  /favicon.ico 200 - - 126.788 ms
💥 Triggered full site rebuild
📖 Built content/CH1.md in 85 ms.
📖 Built content/CH0.ipynb in 88 ms.
📚 Built 2 pages for project in 117 ms.
💌 GET  / 200 - - 19.209 ms
💌 GET  /myst-theme.css 200 - - 3.234 ms
💥 Triggered full site rebuild
📖 Built content/CH1.md in 84 ms.
📖 Built content/CH0.ipynb in 88 ms.
📚 Built 2 pages for project in 114 ms.
💌 GET  /favicon.ico 200 - - 116.725 ms
💥 Triggered full site rebuild
📖 Built content/CH1.md in 85 ms.
📖 Built content/CH0.ipynb in 88 ms.
📚 Built 2 pages for project in 119 ms.
💌 GET  / 200 - - 23.143 ms
💌 GET  /myst-theme.css 200 - - 3.258 ms
💥 Triggered full site rebuild
📖 Built content/CH1.md in 84 ms.
📖 Built content/CH0.ipynb in 88 ms.
📚 Built 2 pages for project in 115 ms.
💌 GET  /favicon.ico 200 - - 98.706 ms
💥 Triggered full site rebuild
📖 Built content/CH1.md in 86 ms.
📖 Built content/CH0.ipynb in 90 ms.
📚 Built 2 pages for project in 121 ms.
💌 GET  / 200 - - 23.239 ms
💌 GET  /myst-theme.css 200 - - 4.893 ms
💥 Triggered full site rebuild
📖 Built content/CH1.md in 89 ms.
📖 Built content/CH0.ipynb in 93 ms.
📚 Built 2 pages for project in 123 ms.
💌 GET  /favicon.ico 200 - - 105.577 ms
💥 Triggered full site rebuild
📖 Built content/CH1.md in 89 ms.
📖 Built content/CH0.ipynb in 92 ms.
📚 Built 2 pages for project in 123 ms.
💌 GET  / 200 - - 18.565 ms
💌 GET  /myst-theme.css 200 - - 2.687 ms
💥 Triggered full site rebuild
📖 Built content/CH1.md in 86 ms.
📖 Built content/CH0.ipynb in 90 ms.
📚 Built 2 pages for project in 117 ms.
💌 GET  /favicon.ico 200 - - 129.476 ms
💥 Triggered full site rebuild
📖 Built content/CH1.md in 87 ms.
📖 Built content/CH0.ipynb in 90 ms.
📚 Built 2 pages for project in 118 ms.
💌 GET  / 200 - - 18.528 ms
💌 GET  /myst-theme.css 200 - - 3.299 ms
💥 Triggered full site rebuild
📖 Built content/CH1.md in 86 ms.
📖 Built content/CH0.ipynb in 90 ms.
📚 Built 2 pages for project in 121 ms.
💌 GET  /favicon.ico 200 - - 133.173 ms
💥 Triggered full site rebuild
📖 Built content/CH1.md in 82 ms.
📖 Built content/CH0.ipynb in 85 ms.
📚 Built 2 pages for project in 115 ms.
💌 GET  / 200 - - 18.508 ms
💌 GET  /myst-theme.css 200 - - 4.064 ms
💥 Triggered full site rebuild
📖 Built content/CH1.md in 84 ms.
📖 Built content/CH0.ipynb in 88 ms.
📚 Built 2 pages for project in 115 ms.
💌 GET  /favicon.ico 200 - - 119.215 ms
💥 Triggered full site rebuild
📖 Built content/CH1.md in 85 ms.
📖 Built content/CH0.ipynb in 88 ms.
📚 Built 2 pages for project in 117 ms.
💌 GET  / 200 - - 19.211 ms
💌 GET  /myst-theme.css 200 - - 3.684 ms
💥 Triggered full site rebuild
📖 Built content/CH1.md in 84 ms.
📖 Built content/CH0.ipynb in 88 ms.
📚 Built 2 pages for project in 116 ms.
💌 GET  /favicon.ico 200 - - 120.782 ms
💥 Triggered full site rebuild
📖 Built content/CH1.md in 78 ms.
📖 Built content/CH0.ipynb in 82 ms.
📚 Built 2 pages for project in 109 ms.
💌 GET  / 200 - - 18.456 ms
💌 GET  /myst-theme.css 200 - - 3.191 ms
💥 Triggered full site rebuild
📖 Built content/CH1.md in 91 ms.
📖 Built content/CH0.ipynb in 95 ms.
📚 Built 2 pages for project in 122 ms.
💌 GET  /favicon.ico 200 - - 121.295 ms
💥 Triggered full site rebuild
📖 Built content/CH1.md in 88 ms.
📖 Built content/CH0.ipynb in 91 ms.
📚 Built 2 pages for project in 120 ms.
💌 GET  / 200 - - 18.885 ms
💌 GET  /myst-theme.css 200 - - 3.012 ms
💥 Triggered full site rebuild
📖 Built content/CH1.md in 91 ms.
📖 Built content/CH0.ipynb in 96 ms.
📚 Built 2 pages for project in 126 ms.
💌 GET  /favicon.ico 200 - - 130.053 ms
💥 Triggered full site rebuild
📖 Built content/CH1.md in 91 ms.
📖 Built content/CH0.ipynb in 93 ms.
📚 Built 2 pages for project in 123 ms.
💌 GET  / 200 - - 32.085 ms
💌 GET  /myst-theme.css 200 - - 5.225 ms
💥 Triggered full site rebuild
📖 Built content/CH1.md in 85 ms.
📖 Built content/CH0.ipynb in 89 ms.
📚 Built 2 pages for project in 117 ms.
💌 GET  /favicon.ico 200 - - 104.230 ms
💥 Triggered full site rebuild
📖 Built content/CH1.md in 96 ms.
📖 Built content/CH0.ipynb in 99 ms.
📚 Built 2 pages for project in 128 ms.
💌 GET  / 200 - - 21.892 ms
💌 GET  /myst-theme.css 200 - - 4.199 ms
💥 Triggered full site rebuild
📖 Built content/CH1.md in 83 ms.
📖 Built content/CH0.ipynb in 87 ms.
📚 Built 2 pages for project in 113 ms.
💌 GET  /favicon.ico 200 - - 106.499 ms
💥 Triggered full site rebuild
📖 Built content/CH1.md in 84 ms.
📖 Built content/CH0.ipynb in 87 ms.
📚 Built 2 pages for project in 116 ms.
💌 GET  / 200 - - 18.837 ms
💌 GET  /myst-theme.css 200 - - 3.759 ms
💥 Triggered full site rebuild
📖 Built content/CH1.md in 87 ms.
📖 Built content/CH0.ipynb in 91 ms.
📚 Built 2 pages for project in 118 ms.
💌 GET  /favicon.ico 200 - - 133.089 ms
💥 Triggered full site rebuild
📖 Built content/CH1.md in 72 ms.
📖 Built content/CH0.ipynb in 76 ms.
📚 Built 2 pages for project in 103 ms.
💌 GET  / 200 - - 20.190 ms
💌 GET  /myst-theme.css 200 - - 3.707 ms
💥 Triggered full site rebuild
📖 Built content/CH1.md in 90 ms.
📖 Built content/CH0.ipynb in 94 ms.
📚 Built 2 pages for project in 122 ms.
💌 GET  /favicon.ico 200 - - 19.779 ms
💌 GET  / 200 - - 19.280 ms
💌 GET  /myst-theme.css 200 - - 4.297 ms
💥 Triggered full site rebuild
📖 Built content/CH1.md in 84 ms.
📖 Built content/CH0.ipynb in 88 ms.
📚 Built 2 pages for project in 114 ms.
💌 GET  /favicon.ico 200 - - 125.049 ms
💥 Triggered full site rebuild
📖 Built content/CH1.md in 75 ms.
📖 Built content/CH0.ipynb in 79 ms.
📚 Built 2 pages for project in 105 ms.
💌 GET  / 200 - - 19.475 ms
💌 GET  /myst-theme.css 200 - - 2.277 ms
💥 Triggered full site rebuild
📖 Built content/CH1.md in 82 ms.
📖 Built content/CH0.ipynb in 86 ms.
📚 Built 2 pages for project in 114 ms.
💥 Triggered full site rebuild
📖 Built content/CH1.md in 81 ms.
📖 Built content/CH0.ipynb in 84 ms.
📚 Built 2 pages for project in 113 ms.
💌 GET  / 200 - - 21.834 ms
💌 GET  /myst-theme.css 200 - - 3.211 ms
💥 Triggered full site rebuild
📖 Built content/CH1.md in 93 ms.
📖 Built content/CH0.ipynb in 97 ms.
📚 Built 2 pages for project in 123 ms.
💥 Triggered full site rebuild
📖 Built content/CH1.md in 85 ms.
📖 Built content/CH0.ipynb in 88 ms.
📚 Built 2 pages for project in 117 ms.
💌 GET  / 200 - - 19.060 ms
💌 GET  /myst-theme.css 200 - - 3.056 ms
💥 Triggered full site rebuild
📖 Built content/CH1.md in 85 ms.
📖 Built content/CH0.ipynb in 89 ms.
📚 Built 2 pages for project in 116 ms.
💌 GET  /favicon.ico 200 - - 117.881 ms
💥 Triggered full site rebuild
📖 Built content/CH1.md in 75 ms.
📖 Built content/CH0.ipynb in 79 ms.
📚 Built 2 pages for project in 113 ms.
💥 Triggered full site rebuild
📖 Built content/CH1.md in 82 ms.
📖 Built content/CH0.ipynb in 85 ms.
📚 Built 2 pages for project in 115 ms.
💥 Triggered full site rebuild
📖 Built content/CH1.md in 81 ms.
📖 Built content/CH0.ipynb in 85 ms.
📚 Built 2 pages for project in 111 ms.
💥 Triggered full site rebuild
📖 Built content/CH1.md in 83 ms.
📖 Built content/CH0.ipynb in 87 ms.
📚 Built 2 pages for project in 122 ms.
💥 Triggered full site rebuild
📖 Built content/CH1.md in 86 ms.
📖 Built content/CH0.ipynb in 90 ms.
📚 Built 2 pages for project in 119 ms.
💥 Triggered full site rebuild
📖 Built content/CH1.md in 81 ms.
📖 Built content/CH0.ipynb in 85 ms.
📚 Built 2 pages for project in 114 ms.
💥 Triggered full site rebuild
📖 Built content/CH1.md in 87 ms.
📖 Built content/CH0.ipynb in 91 ms.
📚 Built 2 pages for project in 122 ms.
💥 Triggered full site rebuild
📖 Built content/CH1.md in 79 ms.
📖 Built content/CH0.ipynb in 83 ms.
📚 Built 2 pages for project in 113 ms.
💌 GET  / 200 - - 17.867 ms
💌 GET  /myst-theme.css 200 - - 2.504 ms
💥 Triggered full site rebuild
📖 Built content/CH1.md in 86 ms.
📖 Built content/CH0.ipynb in 91 ms.
📚 Built 2 pages for project in 118 ms.
💌 GET  /favicon.ico 200 - - 131.510 ms
💥 Triggered full site rebuild
📖 Built content/CH1.md in 89 ms.
📖 Built content/CH0.ipynb in 92 ms.
📚 Built 2 pages for project in 121 ms.
💌 GET  / 200 - - 18.624 ms
💌 GET  /myst-theme.css 200 - - 2.599 ms
💥 Triggered full site rebuild
📖 Built content/CH1.md in 77 ms.
📖 Built content/CH0.ipynb in 81 ms.
📚 Built 2 pages for project in 108 ms.
💌 GET  /favicon.ico 200 - - 69.273 ms
💥 Triggered full site rebuild
📖 Built content/CH1.md in 94 ms.
📖 Built content/CH0.ipynb in 97 ms.
📚 Built 2 pages for project in 125 ms.
💌 GET  / 200 - - 19.867 ms
💌 GET  /myst-theme.css 200 - - 2.694 ms
💥 Triggered full site rebuild
📖 Built content/CH1.md in 78 ms.
📖 Built content/CH0.ipynb in 81 ms.
📚 Built 2 pages for project in 108 ms.
💌 GET  /favicon.ico 200 - - 112.282 ms
💥 Triggered full site rebuild
📖 Built content/CH1.md in 77 ms.
📖 Built content/CH0.ipynb in 81 ms.
📚 Built 2 pages for project in 108 ms.
💌 GET  / 200 - - 18.905 ms
💌 GET  /myst-theme.css 200 - - 2.883 ms
💥 Triggered full site rebuild
📖 Built content/CH1.md in 83 ms.
📖 Built content/CH0.ipynb in 86 ms.
📚 Built 2 pages for project in 113 ms.
💌 GET  /favicon.ico 200 - - 111.706 ms
💥 Triggered full site rebuild
📖 Built content/CH1.md in 84 ms.
📖 Built content/CH0.ipynb in 88 ms.
📚 Built 2 pages for project in 114 ms.
💌 GET  / 200 - - 17.857 ms
💌 GET  /myst-theme.css 200 - - 3.019 ms
💥 Triggered full site rebuild
📖 Built content/CH1.md in 79 ms.
📖 Built content/CH0.ipynb in 83 ms.
📚 Built 2 pages for project in 109 ms.
💌 GET  /favicon.ico 200 - - 119.209 ms
💥 Triggered full site rebuild
📖 Built content/CH1.md in 89 ms.
📖 Built content/CH0.ipynb in 92 ms.
📚 Built 2 pages for project in 123 ms.
💌 GET  / 200 - - 18.257 ms
💌 GET  /myst-theme.css 200 - - 2.441 ms
💥 Triggered full site rebuild
📖 Built content/CH1.md in 76 ms.
📖 Built content/CH0.ipynb in 80 ms.
📚 Built 2 pages for project in 105 ms.
💌 GET  /favicon.ico 200 - - 118.833 ms
💥 Triggered full site rebuild
📖 Built content/CH1.md in 87 ms.
📖 Built content/CH0.ipynb in 91 ms.
📚 Built 2 pages for project in 120 ms.
💌 GET  / 200 - - 17.315 ms
💌 GET  /myst-theme.css 200 - - 4.439 ms
💥 Triggered full site rebuild
📖 Built content/CH1.md in 82 ms.
📖 Built content/CH0.ipynb in 86 ms.
📚 Built 2 pages for project in 114 ms.
💌 GET  /favicon.ico 200 - - 59.878 ms
💥 Triggered full site rebuild
📖 Built content/CH1.md in 78 ms.
📖 Built content/CH0.ipynb in 82 ms.
📚 Built 2 pages for project in 109 ms.
💌 GET  / 200 - - 21.214 ms
💌 GET  /myst-theme.css 200 - - 2.264 ms
💥 Triggered full site rebuild
📖 Built content/CH1.md in 77 ms.
📖 Built content/CH0.ipynb in 82 ms.
📚 Built 2 pages for project in 110 ms.
💌 GET  /favicon.ico 200 - - 34.537 ms
💥 Triggered full site rebuild
📖 Built content/CH1.md in 89 ms.
📖 Built content/CH0.ipynb in 92 ms.
📚 Built 2 pages for project in 122 ms.
💌 GET  / 200 - - 18.384 ms
💌 GET  /myst-theme.css 200 - - 5.449 ms
💥 Triggered full site rebuild
📖 Built content/CH1.md in 78 ms.
📖 Built content/CH0.ipynb in 81 ms.
📚 Built 2 pages for project in 111 ms.
💌 GET  /favicon.ico 200 - - 51.055 ms
💥 Triggered full site rebuild
📖 Built content/CH1.md in 82 ms.
📖 Built content/CH0.ipynb in 85 ms.
📚 Built 2 pages for project in 114 ms.
💌 GET  / 200 - - 17.954 ms
💌 GET  /myst-theme.css 200 - - 3.083 ms
💥 Triggered full site rebuild
📖 Built content/CH1.md in 79 ms.
📖 Built content/CH0.ipynb in 86 ms.
📚 Built 2 pages for project in 118 ms.
💌 GET  /favicon.ico 200 - - 72.829 ms
💥 Triggered full site rebuild
📖 Built content/CH1.md in 89 ms.
📖 Built content/CH0.ipynb in 92 ms.
📚 Built 2 pages for project in 122 ms.
💌 GET  / 200 - - 22.302 ms
💌 GET  /myst-theme.css 200 - - 3.170 ms
💥 Triggered full site rebuild
📖 Built content/CH1.md in 85 ms.
📖 Built content/CH0.ipynb in 89 ms.
📚 Built 2 pages for project in 119 ms.
💌 GET  /favicon.ico 200 - - 86.886 ms
💥 Triggered full site rebuild
📖 Built content/CH1.md in 90 ms.
📖 Built content/CH0.ipynb in 92 ms.
📚 Built 2 pages for project in 121 ms.
💌 GET  / 200 - - 18.056 ms
💌 GET  /myst-theme.css 200 - - 3.419 ms
💥 Triggered full site rebuild
📖 Built content/CH1.md in 81 ms.
📖 Built content/CH0.ipynb in 85 ms.
📚 Built 2 pages for project in 112 ms.
💌 GET  /favicon.ico 200 - - 24.754 ms
💥 Triggered full site rebuild
📖 Built content/CH1.md in 90 ms.
📖 Built content/CH0.ipynb in 93 ms.
📚 Built 2 pages for project in 122 ms.
💌 GET  / 200 - - 24.701 ms
💌 GET  /myst-theme.css 200 - - 2.443 ms
💥 Triggered full site rebuild
📖 Built content/CH1.md in 82 ms.
📖 Built content/CH0.ipynb in 88 ms.
📚 Built 2 pages for project in 118 ms.
💌 GET  /favicon.ico 200 - - 99.394 ms
💥 Triggered full site rebuild
📖 Built content/CH1.md in 80 ms.
📖 Built content/CH0.ipynb in 85 ms.
📚 Built 2 pages for project in 118 ms.
💌 GET  / 200 - - 17.568 ms
💌 GET  /myst-theme.css 200 - - 3.146 ms
💥 Triggered full site rebuild
📖 Built content/CH1.md in 75 ms.
📖 Built content/CH0.ipynb in 79 ms.
📚 Built 2 pages for project in 106 ms.
💌 GET  /favicon.ico 200 - - 90.639 ms
💥 Triggered full site rebuild
📖 Built content/CH1.md in 79 ms.
📖 Built content/CH0.ipynb in 83 ms.
📚 Built 2 pages for project in 108 ms.
💌 GET  / 200 - - 19.087 ms
💌 GET  /myst-theme.css 200 - - 2.556 ms
💥 Triggered full site rebuild
📖 Built content/CH1.md in 78 ms.
📖 Built content/CH0.ipynb in 82 ms.
📚 Built 2 pages for project in 111 ms.
💌 GET  /favicon.ico 200 - - 17.357 ms
💥 Triggered full site rebuild
📖 Built content/CH1.md in 94 ms.
📖 Built content/CH0.ipynb in 98 ms.
📚 Built 2 pages for project in 124 ms.
💌 GET  / 200 - - 17.747 ms
💌 GET  /myst-theme.css 200 - - 3.372 ms
💥 Triggered full site rebuild
📖 Built content/CH1.md in 79 ms.
📖 Built content/CH0.ipynb in 83 ms.
📚 Built 2 pages for project in 112 ms.
💌 GET  /favicon.ico 200 - - 25.807 ms
💥 Triggered full site rebuild
📖 Built content/CH1.md in 81 ms.
📖 Built content/CH0.ipynb in 84 ms.
📚 Built 2 pages for project in 116 ms.
💌 GET  / 200 - - 22.064 ms
💌 GET  /myst-theme.css 200 - - 3.257 ms
💥 Triggered full site rebuild
📖 Built content/CH1.md in 85 ms.
📖 Built content/CH0.ipynb in 89 ms.
📚 Built 2 pages for project in 118 ms.
💌 GET  /favicon.ico 200 - - 59.842 ms
💥 Triggered full site rebuild
📖 Built content/CH1.md in 86 ms.
📖 Built content/CH0.ipynb in 90 ms.
📚 Built 2 pages for project in 118 ms.
💌 GET  / 200 - - 19.407 ms
💌 GET  /myst-theme.css 200 - - 2.857 ms
💥 Triggered full site rebuild
📖 Built content/CH1.md in 81 ms.
📖 Built content/CH0.ipynb in 85 ms.
📚 Built 2 pages for project in 111 ms.
💌 GET  /favicon.ico 200 - - 102.211 ms
💥 Triggered full site rebuild
📖 Built content/CH1.md in 83 ms.
📖 Built content/CH0.ipynb in 86 ms.
📚 Built 2 pages for project in 114 ms.
💌 GET  / 200 - - 19.840 ms
💌 GET  /myst-theme.css 200 - - 2.112 ms
💥 Triggered full site rebuild
📖 Built content/CH1.md in 84 ms.
📖 Built content/CH0.ipynb in 88 ms.
📚 Built 2 pages for project in 117 ms.
💌 GET  /favicon.ico 200 - - 79.129 ms
💥 Triggered full site rebuild
📖 Built content/CH1.md in 89 ms.
📖 Built content/CH0.ipynb in 94 ms.
📚 Built 2 pages for project in 123 ms.
💥 Triggered full site rebuild
📖 Built content/CH1.md in 84 ms.
📖 Built content/CH0.ipynb in 88 ms.
📚 Built 2 pages for project in 115 ms.
💥 Triggered full site rebuild
📖 Built content/CH1.md in 85 ms.
📖 Built content/CH0.ipynb in 88 ms.
📚 Built 2 pages for project in 116 ms.
💥 Triggered full site rebuild
📖 Built content/CH1.md in 74 ms.
📖 Built content/CH0.ipynb in 78 ms.
📚 Built 2 pages for project in 103 ms.
💥 Triggered full site rebuild
📖 Built content/CH1.md in 74 ms.
📖 Built content/CH0.ipynb in 77 ms.
📚 Built 2 pages for project in 107 ms.
💥 Triggered full site rebuild
📖 Built content/CH1.md in 88 ms.
📖 Built content/CH0.ipynb in 91 ms.
📚 Built 2 pages for project in 124 ms.
💥 Triggered full site rebuild
📖 Built content/CH1.md in 76 ms.
📖 Built content/CH0.ipynb in 79 ms.
📚 Built 2 pages for project in 107 ms.
💥 Triggered full site rebuild
📖 Built content/CH1.md in 74 ms.
📖 Built content/CH0.ipynb in 77 ms.
📚 Built 2 pages for project in 105 ms.
💥 Triggered full site rebuild
📖 Built content/CH1.md in 82 ms.
📖 Built content/CH0.ipynb in 85 ms.
📚 Built 2 pages for project in 114 ms.
💥 Triggered full site rebuild
📖 Built content/CH1.md in 75 ms.
📖 Built content/CH0.ipynb in 79 ms.
📚 Built 2 pages for project in 107 ms.
💥 Triggered full site rebuild
📖 Built content/CH1.md in 83 ms.
📖 Built content/CH0.ipynb in 87 ms.
📚 Built 2 pages for project in 115 ms.
💥 Triggered full site rebuild
📖 Built content/CH1.md in 74 ms.
📖 Built content/CH0.ipynb in 78 ms.
📚 Built 2 pages for project in 104 ms.
💥 Triggered full site rebuild
📖 Built content/CH1.md in 83 ms.
📖 Built content/CH0.ipynb in 87 ms.
📚 Built 2 pages for project in 115 ms.
💥 Triggered full site rebuild
📖 Built content/CH1.md in 75 ms.
📖 Built content/CH0.ipynb in 80 ms.
📚 Built 2 pages for project in 109 ms.
💥 Triggered full site rebuild
📖 Built content/CH1.md in 81 ms.
📖 Built content/CH0.ipynb in 85 ms.
📚 Built 2 pages for project in 112 ms.
💥 Triggered full site rebuild
📖 Built content/CH1.md in 83 ms.
📖 Built content/CH0.ipynb in 87 ms.
📚 Built 2 pages for project in 112 ms.
💥 Triggered full site rebuild
📖 Built content/CH1.md in 79 ms.
📖 Built content/CH0.ipynb in 83 ms.
📚 Built 2 pages for project in 111 ms.
💥 Triggered full site rebuild
📖 Built content/CH1.md in 75 ms.
📖 Built content/CH0.ipynb in 78 ms.
📚 Built 2 pages for project in 108 ms.
💥 Triggered full site rebuild
📖 Built content/CH1.md in 96 ms.
📖 Built content/CH0.ipynb in 99 ms.
📚 Built 2 pages for project in 128 ms.
💥 Triggered full site rebuild
📖 Built content/CH1.md in 88 ms.
📖 Built content/CH0.ipynb in 92 ms.
📚 Built 2 pages for project in 126 ms.
💥 Triggered full site rebuild
📖 Built content/CH1.md in 73 ms.
📖 Built content/CH0.ipynb in 77 ms.
📚 Built 2 pages for project in 105 ms.
💥 Triggered full site rebuild
📖 Built content/CH1.md in 73 ms.
📖 Built content/CH0.ipynb in 77 ms.
📚 Built 2 pages for project in 105 ms.
💥 Triggered full site rebuild
📖 Built content/CH1.md in 79 ms.
📖 Built content/CH0.ipynb in 83 ms.
📚 Built 2 pages for project in 111 ms.
💥 Triggered full site rebuild
📖 Built content/CH1.md in 100 ms.
📖 Built content/CH0.ipynb in 103 ms.
📚 Built 2 pages for project in 134 ms.
💥 Triggered full site rebuild
📖 Built content/CH1.md in 82 ms.
📖 Built content/CH0.ipynb in 85 ms.
📚 Built 2 pages for project in 115 ms.
💥 Triggered full site rebuild
📖 Built content/CH1.md in 85 ms.
📖 Built content/CH0.ipynb in 88 ms.
📚 Built 2 pages for project in 117 ms.
💥 Triggered full site rebuild
📖 Built content/CH1.md in 81 ms.
📖 Built content/CH0.ipynb in 86 ms.
📚 Built 2 pages for project in 114 ms.
💥 Triggered full site rebuild
📖 Built content/CH1.md in 88 ms.
📖 Built content/CH0.ipynb in 91 ms.
📚 Built 2 pages for project in 122 ms.
💥 Triggered full site rebuild
📖 Built content/CH1.md in 86 ms.
📖 Built content/CH0.ipynb in 89 ms.
📚 Built 2 pages for project in 118 ms.
💥 Triggered full site rebuild
📖 Built content/CH1.md in 85 ms.
📖 Built content/CH0.ipynb in 89 ms.
📚 Built 2 pages for project in 117 ms.
💥 Triggered full site rebuild
📖 Built content/CH1.md in 78 ms.
📖 Built content/CH0.ipynb in 81 ms.
📚 Built 2 pages for project in 108 ms.
💥 Triggered full site rebuild
📖 Built content/CH1.md in 91 ms.
📖 Built content/CH0.ipynb in 95 ms.
📚 Built 2 pages for project in 124 ms.
💥 Triggered full site rebuild
📖 Built content/CH1.md in 76 ms.
📖 Built content/CH0.ipynb in 80 ms.
📚 Built 2 pages for project in 106 ms.
💥 Triggered full site rebuild
📖 Built content/CH1.md in 81 ms.
📖 Built content/CH0.ipynb in 85 ms.
📚 Built 2 pages for project in 113 ms.
💥 Triggered full site rebuild
📖 Built content/CH1.md in 77 ms.
📖 Built content/CH0.ipynb in 82 ms.
📚 Built 2 pages for project in 110 ms.
💥 Triggered full site rebuild
📖 Built content/CH1.md in 91 ms.
📖 Built content/CH0.ipynb in 95 ms.
📚 Built 2 pages for project in 124 ms.
💥 Triggered full site rebuild
📖 Built content/CH1.md in 89 ms.
📖 Built content/CH0.ipynb in 92 ms.
📚 Built 2 pages for project in 121 ms.
💥 Triggered full site rebuild
📖 Built content/CH1.md in 78 ms.
📖 Built content/CH0.ipynb in 82 ms.
📚 Built 2 pages for project in 110 ms.
💥 Triggered full site rebuild
📖 Built content/CH1.md in 88 ms.
📖 Built content/CH0.ipynb in 92 ms.
📚 Built 2 pages for project in 123 ms.
💥 Triggered full site rebuild
📖 Built content/CH1.md in 78 ms.
📖 Built content/CH0.ipynb in 81 ms.
📚 Built 2 pages for project in 111 ms.
💥 Triggered full site rebuild
📖 Built content/CH1.md in 81 ms.
📖 Built content/CH0.ipynb in 84 ms.
📚 Built 2 pages for project in 116 ms.
💥 Triggered full site rebuild
📖 Built content/CH1.md in 90 ms.
📖 Built content/CH0.ipynb in 94 ms.
📚 Built 2 pages for project in 126 ms.
💥 Triggered full site rebuild
📖 Built content/CH1.md in 73 ms.
📖 Built content/CH0.ipynb in 76 ms.
📚 Built 2 pages for project in 104 ms.
💥 Triggered full site rebuild
📖 Built content/CH1.md in 75 ms.
📖 Built content/CH0.ipynb in 79 ms.
📚 Built 2 pages for project in 107 ms.
💥 Triggered full site rebuild
📖 Built content/CH1.md in 74 ms.
📖 Built content/CH0.ipynb in 77 ms.
📚 Built 2 pages for project in 105 ms.
💥 Triggered full site rebuild
📖 Built content/CH1.md in 75 ms.
📖 Built content/CH0.ipynb in 78 ms.
📚 Built 2 pages for project in 107 ms.
💥 Triggered full site rebuild
📖 Built content/CH1.md in 78 ms.
📖 Built content/CH0.ipynb in 81 ms.
📚 Built 2 pages for project in 112 ms.
💥 Triggered full site rebuild
📖 Built content/CH1.md in 73 ms.
📖 Built content/CH0.ipynb in 76 ms.
📚 Built 2 pages for project in 104 ms.
💥 Triggered full site rebuild
📖 Built content/CH1.md in 88 ms.
📖 Built content/CH0.ipynb in 91 ms.
📚 Built 2 pages for project in 120 ms.
💥 Triggered full site rebuild
📖 Built content/CH1.md in 81 ms.
📖 Built content/CH0.ipynb in 84 ms.
📚 Built 2 pages for project in 116 ms.
💥 Triggered full site rebuild
📖 Built content/CH1.md in 81 ms.
📖 Built content/CH0.ipynb in 86 ms.
📚 Built 2 pages for project in 115 ms.
💥 Triggered full site rebuild
📖 Built content/CH1.md in 77 ms.
📖 Built content/CH0.ipynb in 81 ms.
📚 Built 2 pages for project in 110 ms.
💥 Triggered full site rebuild
📖 Built content/CH1.md in 89 ms.
📖 Built content/CH0.ipynb in 92 ms.
📚 Built 2 pages for project in 123 ms.
💥 Triggered full site rebuild
📖 Built content/CH1.md in 82 ms.
📖 Built content/CH0.ipynb in 87 ms.
📚 Built 2 pages for project in 115 ms.
💥 Triggered full site rebuild
📖 Built content/CH1.md in 78 ms.
📖 Built content/CH0.ipynb in 81 ms.
📚 Built 2 pages for project in 108 ms.
💥 Triggered full site rebuild
📖 Built content/CH1.md in 79 ms.
📖 Built content/CH0.ipynb in 83 ms.
📚 Built 2 pages for project in 110 ms.
💥 Triggered full site rebuild
📖 Built content/CH1.md in 75 ms.
📖 Built content/CH0.ipynb in 78 ms.
📚 Built 2 pages for project in 107 ms.
💥 Triggered full site rebuild
📖 Built content/CH1.md in 85 ms.
📖 Built content/CH0.ipynb in 90 ms.
📚 Built 2 pages for project in 117 ms.
💥 Triggered full site rebuild
📖 Built content/CH1.md in 97 ms.
📖 Built content/CH0.ipynb in 102 ms.
📚 Built 2 pages for project in 129 ms.
💥 Triggered full site rebuild
📖 Built content/CH1.md in 92 ms.
📖 Built content/CH0.ipynb in 96 ms.
📚 Built 2 pages for project in 125 ms.
💥 Triggered full site rebuild
📖 Built content/CH1.md in 95 ms.
📖 Built content/CH0.ipynb in 98 ms.
📚 Built 2 pages for project in 129 ms.
💌 GET  / 200 - - 22.231 ms
💌 GET  /myst-theme.css 200 - - 3.583 ms
💥 Triggered full site rebuild
📖 Built content/CH1.md in 85 ms.
📖 Built content/CH0.ipynb in 89 ms.
📚 Built 2 pages for project in 116 ms.
💌 GET  /favicon.ico 200 - - 148.466 ms
💥 Triggered full site rebuild
📖 Built content/CH1.md in 81 ms.
📖 Built content/CH0.ipynb in 85 ms.
📚 Built 2 pages for project in 113 ms.
💌 GET  / 200 - - 18.585 ms
💌 GET  /myst-theme.css 200 - - 2.404 ms
💥 Triggered full site rebuild
📖 Built content/CH1.md in 81 ms.
📖 Built content/CH0.ipynb in 85 ms.
📚 Built 2 pages for project in 112 ms.
💌 GET  /favicon.ico 200 - - 96.724 ms
💥 Triggered full site rebuild
📖 Built content/CH1.md in 85 ms.
📖 Built content/CH0.ipynb in 89 ms.
📚 Built 2 pages for project in 118 ms.
💌 GET  / 200 - - 19.118 ms
💌 GET  /myst-theme.css 200 - - 3.637 ms
💥 Triggered full site rebuild
📖 Built content/CH1.md in 98 ms.
📖 Built content/CH0.ipynb in 102 ms.
📚 Built 2 pages for project in 131 ms.
💌 GET  /favicon.ico 200 - - 117.248 ms
💥 Triggered full site rebuild
📖 Built content/CH1.md in 84 ms.
📖 Built content/CH0.ipynb in 87 ms.
📚 Built 2 pages for project in 116 ms.
💌 GET  / 200 - - 18.641 ms
💌 GET  /myst-theme.css 200 - - 3.376 ms
💥 Triggered full site rebuild
📖 Built content/CH1.md in 76 ms.
📖 Built content/CH0.ipynb in 80 ms.
📚 Built 2 pages for project in 106 ms.
💌 GET  /favicon.ico 200 - - 56.750 ms
💥 Triggered full site rebuild
📖 Built content/CH1.md in 82 ms.
📖 Built content/CH0.ipynb in 86 ms.
📚 Built 2 pages for project in 113 ms.
💌 GET  / 200 - - 17.831 ms
💌 GET  /myst-theme.css 200 - - 4.072 ms
💥 Triggered full site rebuild
📖 Built content/CH1.md in 81 ms.
📖 Built content/CH0.ipynb in 85 ms.
📚 Built 2 pages for project in 113 ms.
💌 GET  /favicon.ico 200 - - 133.187 ms
💥 Triggered full site rebuild
📖 Built content/CH1.md in 93 ms.
📖 Built content/CH0.ipynb in 97 ms.
📚 Built 2 pages for project in 126 ms.
💌 GET  / 200 - - 17.885 ms
💌 GET  /myst-theme.css 200 - - 3.732 ms
💥 Triggered full site rebuild
📖 Built content/CH1.md in 87 ms.
📖 Built content/CH0.ipynb in 92 ms.
📚 Built 2 pages for project in 126 ms.
💌 GET  /favicon.ico 200 - - 83.397 ms
💥 Triggered full site rebuild
📖 Built content/CH1.md in 80 ms.
📖 Built content/CH0.ipynb in 84 ms.
📚 Built 2 pages for project in 111 ms.
💌 GET  / 200 - - 22.255 ms
💌 GET  /myst-theme.css 200 - - 2.809 ms
💥 Triggered full site rebuild
📖 Built content/CH1.md in 78 ms.
📖 Built content/CH0.ipynb in 82 ms.
📚 Built 2 pages for project in 112 ms.
💌 GET  /favicon.ico 200 - - 51.984 ms
💥 Triggered full site rebuild
📖 Built content/CH1.md in 83 ms.
📖 Built content/CH0.ipynb in 87 ms.
📚 Built 2 pages for project in 114 ms.
💌 GET  / 200 - - 18.989 ms
💌 GET  /myst-theme.css 200 - - 3.696 ms
💥 Triggered full site rebuild
📖 Built content/CH1.md in 87 ms.
📖 Built content/CH0.ipynb in 91 ms.
📚 Built 2 pages for project in 119 ms.
💥 Triggered full site rebuild
📖 Built content/CH1.md in 86 ms.
📖 Built content/CH0.ipynb in 90 ms.
📚 Built 2 pages for project in 119 ms.
💥 Triggered full site rebuild
📖 Built content/CH1.md in 88 ms.
📖 Built content/CH0.ipynb in 91 ms.
📚 Built 2 pages for project in 121 ms.
💥 Triggered full site rebuild
📖 Built content/CH1.md in 111 ms.
📖 Built content/CH0.ipynb in 115 ms.
📚 Built 2 pages for project in 147 ms.
💥 Triggered full site rebuild
📖 Built content/CH1.md in 77 ms.
📖 Built content/CH0.ipynb in 81 ms.
📚 Built 2 pages for project in 108 ms.
💥 Triggered full site rebuild
📖 Built content/CH1.md in 116 ms.
📖 Built content/CH0.ipynb in 119 ms.
📚 Built 2 pages for project in 152 ms.
💥 Triggered full site rebuild
📖 Built content/CH1.md in 90 ms.
📖 Built content/CH0.ipynb in 97 ms.
📚 Built 2 pages for project in 125 ms.
💥 Triggered full site rebuild
📖 Built content/CH1.md in 84 ms.
📖 Built content/CH0.ipynb in 88 ms.
📚 Built 2 pages for project in 118 ms.
💥 Triggered full site rebuild
📖 Built content/CH1.md in 77 ms.
📖 Built content/CH0.ipynb in 81 ms.
📚 Built 2 pages for project in 107 ms.
💥 Triggered full site rebuild
📖 Built content/CH1.md in 74 ms.
📖 Built content/CH0.ipynb in 78 ms.
📚 Built 2 pages for project in 104 ms.
💌 GET  / 200 - - 20.731 ms
💌 GET  /myst-theme.css 200 - - 3.155 ms
💥 Triggered full site rebuild
📖 Built content/CH1.md in 88 ms.
📖 Built content/CH0.ipynb in 91 ms.
📚 Built 2 pages for project in 118 ms.
💥 Triggered full site rebuild
📖 Built content/CH1.md in 79 ms.
📖 Built content/CH0.ipynb in 83 ms.
📚 Built 2 pages for project in 112 ms.
💌 GET  /favicon.ico 200 - - 49.112 ms
💥 Triggered full site rebuild
📖 Built content/CH1.md in 81 ms.
📖 Built content/CH0.ipynb in 84 ms.
📚 Built 2 pages for project in 113 ms.
💌 GET  / 200 - - 19.023 ms
💌 GET  /myst-theme.css 200 - - 3.063 ms
💥 Triggered full site rebuild
📖 Built content/CH1.md in 82 ms.
📖 Built content/CH0.ipynb in 87 ms.
📚 Built 2 pages for project in 114 ms.
💌 GET  /favicon.ico 200 - - 102.830 ms
💥 Triggered full site rebuild
📖 Built content/CH1.md in 80 ms.
📖 Built content/CH0.ipynb in 83 ms.
📚 Built 2 pages for project in 113 ms.
💌 GET  / 200 - - 19.021 ms
💌 GET  /myst-theme.css 200 - - 3.759 ms
💥 Triggered full site rebuild
📖 Built content/CH1.md in 80 ms.
📖 Built content/CH0.ipynb in 84 ms.
📚 Built 2 pages for project in 112 ms.
💌 GET  /favicon.ico 200 - - 58.379 ms
💥 Triggered full site rebuild
📖 Built content/CH1.md in 81 ms.
📖 Built content/CH0.ipynb in 84 ms.
📚 Built 2 pages for project in 114 ms.
💌 GET  / 200 - - 18.601 ms
💌 GET  /myst-theme.css 200 - - 3.332 ms
💥 Triggered full site rebuild
📖 Built content/CH1.md in 87 ms.
📖 Built content/CH0.ipynb in 91 ms.
📚 Built 2 pages for project in 119 ms.
💌 GET  /favicon.ico 200 - - 89.542 ms
💥 Triggered full site rebuild
📖 Built content/CH1.md in 87 ms.
📖 Built content/CH0.ipynb in 91 ms.
📚 Built 2 pages for project in 122 ms.
💌 GET  / 200 - - 17.634 ms
💌 GET  /myst-theme.css 200 - - 2.592 ms
💥 Triggered full site rebuild
📖 Built content/CH1.md in 88 ms.
📖 Built content/CH0.ipynb in 92 ms.
📚 Built 2 pages for project in 118 ms.
💥 Triggered full site rebuild
📖 Built content/CH1.md in 81 ms.
📖 Built content/CH0.ipynb in 84 ms.
📚 Built 2 pages for project in 112 ms.
💥 Triggered full site rebuild
📖 Built content/CH1.md in 85 ms.
📖 Built content/CH0.ipynb in 88 ms.
📚 Built 2 pages for project in 115 ms.
💥 Triggered full site rebuild
📖 Built content/CH1.md in 79 ms.
📖 Built content/CH0.ipynb in 83 ms.
📚 Built 2 pages for project in 111 ms.
💥 Triggered full site rebuild
📖 Built content/CH1.md in 78 ms.
📖 Built content/CH0.ipynb in 82 ms.
📚 Built 2 pages for project in 109 ms.
💥 Triggered full site rebuild
📖 Built content/CH1.md in 83 ms.
📖 Built content/CH0.ipynb in 88 ms.
📚 Built 2 pages for project in 115 ms.
💥 Triggered full site rebuild
📖 Built content/CH1.md in 99 ms.
📖 Built content/CH0.ipynb in 104 ms.
📚 Built 2 pages for project in 136 ms.
💥 Triggered full site rebuild
📖 Built content/CH1.md in 90 ms.
📖 Built content/CH0.ipynb in 94 ms.
📚 Built 2 pages for project in 128 ms.
💥 Triggered full site rebuild
📖 Built content/CH1.md in 82 ms.
📖 Built content/CH0.ipynb in 85 ms.
📚 Built 2 pages for project in 113 ms.
💥 Triggered full site rebuild
📖 Built content/CH1.md in 79 ms.
📖 Built content/CH0.ipynb in 83 ms.
📚 Built 2 pages for project in 109 ms.
💥 Triggered full site rebuild
📖 Built content/CH1.md in 87 ms.
📖 Built content/CH0.ipynb in 91 ms.
📚 Built 2 pages for project in 122 ms.
💥 Triggered full site rebuild
📖 Built content/CH1.md in 96 ms.
📖 Built content/CH0.ipynb in 100 ms.
📚 Built 2 pages for project in 127 ms.
💥 Triggered full site rebuild
📖 Built content/CH1.md in 80 ms.
📖 Built content/CH0.ipynb in 83 ms.
📚 Built 2 pages for project in 112 ms.
💥 Triggered full site rebuild
📖 Built content/CH1.md in 85 ms.
📖 Built content/CH0.ipynb in 89 ms.
📚 Built 2 pages for project in 116 ms.
💥 Triggered full site rebuild
📖 Built content/CH1.md in 78 ms.
📖 Built content/CH0.ipynb in 81 ms.
📚 Built 2 pages for project in 110 ms.
💥 Triggered full site rebuild
📖 Built content/CH1.md in 91 ms.
📖 Built content/CH0.ipynb in 94 ms.
📚 Built 2 pages for project in 123 ms.
💥 Triggered full site rebuild
📖 Built content/CH1.md in 72 ms.
📖 Built content/CH0.ipynb in 76 ms.
📚 Built 2 pages for project in 102 ms.
💥 Triggered full site rebuild
📖 Built content/CH1.md in 77 ms.
📖 Built content/CH0.ipynb in 80 ms.
📚 Built 2 pages for project in 109 ms.
💥 Triggered full site rebuild
📖 Built content/CH1.md in 83 ms.
📖 Built content/CH0.ipynb in 87 ms.
📚 Built 2 pages for project in 114 ms.
💥 Triggered full site rebuild
📖 Built content/CH1.md in 76 ms.
📖 Built content/CH0.ipynb in 80 ms.
📚 Built 2 pages for project in 106 ms.
💥 Triggered full site rebuild
📖 Built content/CH1.md in 92 ms.
📖 Built content/CH0.ipynb in 96 ms.
📚 Built 2 pages for project in 122 ms.
💥 Triggered full site rebuild
📖 Built content/CH1.md in 80 ms.
📖 Built content/CH0.ipynb in 84 ms.
📚 Built 2 pages for project in 113 ms.
💥 Triggered full site rebuild
📖 Built content/CH1.md in 83 ms.
📖 Built content/CH0.ipynb in 90 ms.
📚 Built 2 pages for project in 120 ms.
💥 Triggered full site rebuild
📖 Built content/CH1.md in 74 ms.
📖 Built content/CH0.ipynb in 78 ms.
📚 Built 2 pages for project in 103 ms.
💥 Triggered full site rebuild
📖 Built content/CH1.md in 76 ms.
📖 Built content/CH0.ipynb in 79 ms.
📚 Built 2 pages for project in 106 ms.
💥 Triggered full site rebuild
📖 Built content/CH1.md in 75 ms.
📖 Built content/CH0.ipynb in 79 ms.
📚 Built 2 pages for project in 107 ms.
💥 Triggered full site rebuild
📖 Built content/CH1.md in 74 ms.
📖 Built content/CH0.ipynb in 78 ms.
📚 Built 2 pages for project in 104 ms.
💥 Triggered full site rebuild
📖 Built content/CH1.md in 92 ms.
📖 Built content/CH0.ipynb in 99 ms.
📚 Built 2 pages for project in 131 ms.
💥 Triggered full site rebuild
📖 Built content/CH1.md in 83 ms.
📖 Built content/CH0.ipynb in 88 ms.
📚 Built 2 pages for project in 117 ms.
💥 Triggered full site rebuild
📖 Built content/CH1.md in 79 ms.
📖 Built content/CH0.ipynb in 84 ms.
📚 Built 2 pages for project in 111 ms.
💥 Triggered full site rebuild
📖 Built content/CH1.md in 83 ms.
📖 Built content/CH0.ipynb in 86 ms.
📚 Built 2 pages for project in 119 ms.
💥 Triggered full site rebuild
📖 Built content/CH1.md in 86 ms.
📖 Built content/CH0.ipynb in 90 ms.
📚 Built 2 pages for project in 117 ms.
💥 Triggered full site rebuild
📖 Built content/CH1.md in 79 ms.
📖 Built content/CH0.ipynb in 83 ms.
📚 Built 2 pages for project in 111 ms.
💥 Triggered full site rebuild
📖 Built content/CH1.md in 76 ms.
📖 Built content/CH0.ipynb in 80 ms.
📚 Built 2 pages for project in 106 ms.
